<?xml version="1.0" encoding="UTF-8"?>
<!-- Generated by org.testng.reporters.JUnitXMLReporter -->
<testsuite hostname="LAPTOP-3M5A5R3N" ignored="1" name="Default test" tests="6" failures="0" timestamp="23 Feb 2019 01:10:14 GMT" time="20.1" errors="0">
  <testcase name="verifySuccessfulLogin" time="2.652" classname="app.pp.HomepageTest"/>
  <testcase name="isInviteuserButtonseen" time="0.034" classname="app.pp.HomepageTest"/>
  <testcase name="isMenubuttonClicked" time="0.182" classname="app.pp.HomepageTest"/>
  <testcase name="isHelpbuttonDisplayed" time="0.041" classname="app.pp.HomepageTest"/>
  <testcase name="isSettingimageButtonDisplayed" time="3.449" classname="app.pp.HomepageTest"/>
  <testcase name="isPinbuttonDisplayed" time="0.055" classname="app.pp.HomepageTest"/>
  <testcase name="verifyText" time="0.0" classname="app.pp.HomepageTest">
    <ignored/>
  </testcase> <!-- verifyText -->
</testsuite> <!-- Default test -->
