<?xml version="1.0" encoding="UTF-8"?>
<testng-results skipped="0" failed="0" ignored="1" total="7" passed="6">
  <reporter-output>
  </reporter-output>
  <suite name="Default suite" duration-ms="20100" started-at="2019-02-23T01:09:54Z" finished-at="2019-02-23T01:10:14Z">
    <groups>
    </groups>
    <test name="Default test" duration-ms="20100" started-at="2019-02-23T01:09:54Z" finished-at="2019-02-23T01:10:14Z">
      <class name="app.pp.HomepageTest">
        <test-method status="PASS" signature="setUp()[pri:0, instance:app.pp.HomepageTest@3e6fa38a]" name="setUp" is-config="true" duration-ms="11568" started-at="2019-02-23T01:09:54Z" finished-at="2019-02-23T01:10:06Z">
          <reporter-output>
          </reporter-output>
        </test-method> <!-- setUp -->
        <test-method status="PASS" signature="verifySuccessfulLogin()[pri:1, instance:app.pp.HomepageTest@3e6fa38a]" name="verifySuccessfulLogin" duration-ms="2652" started-at="2019-02-23T01:10:06Z" finished-at="2019-02-23T01:10:08Z">
          <reporter-output>
          </reporter-output>
        </test-method> <!-- verifySuccessfulLogin -->
        <test-method status="PASS" signature="isInviteuserButtonseen()[pri:2, instance:app.pp.HomepageTest@3e6fa38a]" name="isInviteuserButtonseen" duration-ms="34" started-at="2019-02-23T01:10:08Z" finished-at="2019-02-23T01:10:08Z">
          <reporter-output>
          </reporter-output>
        </test-method> <!-- isInviteuserButtonseen -->
        <test-method status="PASS" signature="isMenubuttonClicked()[pri:3, instance:app.pp.HomepageTest@3e6fa38a]" name="isMenubuttonClicked" duration-ms="182" started-at="2019-02-23T01:10:08Z" finished-at="2019-02-23T01:10:09Z">
          <reporter-output>
          </reporter-output>
        </test-method> <!-- isMenubuttonClicked -->
        <test-method status="PASS" signature="isHelpbuttonDisplayed()[pri:4, instance:app.pp.HomepageTest@3e6fa38a]" name="isHelpbuttonDisplayed" duration-ms="41" started-at="2019-02-23T01:10:09Z" finished-at="2019-02-23T01:10:09Z">
          <reporter-output>
          </reporter-output>
        </test-method> <!-- isHelpbuttonDisplayed -->
        <test-method status="PASS" signature="isSettingimageButtonDisplayed()[pri:5, instance:app.pp.HomepageTest@3e6fa38a]" name="isSettingimageButtonDisplayed" duration-ms="3449" started-at="2019-02-23T01:10:09Z" finished-at="2019-02-23T01:10:12Z">
          <reporter-output>
          </reporter-output>
        </test-method> <!-- isSettingimageButtonDisplayed -->
        <test-method status="PASS" signature="isPinbuttonDisplayed()[pri:6, instance:app.pp.HomepageTest@3e6fa38a]" name="isPinbuttonDisplayed" duration-ms="55" started-at="2019-02-23T01:10:12Z" finished-at="2019-02-23T01:10:12Z">
          <reporter-output>
          </reporter-output>
        </test-method> <!-- isPinbuttonDisplayed -->
        <test-method status="PASS" signature="shutDownPage()[pri:0, instance:app.pp.HomepageTest@3e6fa38a]" name="shutDownPage" is-config="true" duration-ms="2084" started-at="2019-02-23T01:10:12Z" finished-at="2019-02-23T01:10:14Z">
          <reporter-output>
          </reporter-output>
        </test-method> <!-- shutDownPage -->
      </class> <!-- app.pp.HomepageTest -->
    </test> <!-- Default test -->
  </suite> <!-- Default suite -->
</testng-results>
